#
# A fatal error has been detected by the Java Runtime Environment:
#
#  EXCEPTION_ACCESS_VIOLATION (0xc0000005) at pc=0x0000000070f62651, pid=10152, tid=0x0000000000002150
#
# JRE version: OpenJDK Runtime Environment (8.0_242-b01) (build 1.8.0_242-release-1644-b01)
# Java VM: OpenJDK 64-Bit Server VM (25.242-b01 mixed mode windows-amd64 compressed oops)
# Problematic frame:
# V  [jvm.dll+0x3d2651]
#
# Failed to write core dump. Minidumps are not enabled by default on client versions of Windows
#
# If you would like to submit a bug report, please visit:
#   
#

---------------  T H R E A D  ---------------

Current thread (0x0000000002825800):  GCTaskThread [stack: 0x0000000012b80000,0x0000000012c80000] [id=8528]

siginfo: ExceptionCode=0xc0000005, reading address 0xffffffffffffffff

Registers:
RAX=0x0000000038b67330, RBX=0x00000000e2d0b7b8, RCX=0x0000000101277600, RDX=0x0000000019210fc0
RSP=0x0000000012c7fb50, RBP=0x000000000716ce28, RSI=0x0000000019210fc0, RDI=0x0000000000000005
R8 =0x00000000e2d0b7b8, R9 =0x0000000101277600, R10=0x0000000000000000, R11=0x00000000711940c8
R12=0x00000000711addd0, R13=0x0000000000000005, R14=0x0000000000000001, R15=0x0000000002826100
RIP=0x0000000070f62651, EFLAGS=0x0000000000010203

Top of Stack: (sp=0x0000000012c7fb50)
0x0000000012c7fb50:   000000000716ce28 000000000716ce28
0x0000000012c7fb60:   0000000019210fc0 0000000000000005
0x0000000012c7fb70:   0000000000000000 0000000070f629cd
0x0000000012c7fb80:   00000000e2d0b7b8 0000000019210fc0
0x0000000012c7fb90:   0000000019210fc0 0000000070c5785a
0x0000000012c7fba0:   00000000fc887928 0000000070f62efb
0x0000000012c7fbb0:   00000000fbe62480 0000000000000000
0x0000000012c7fbc0:   0000000000000000 0000000002820701
0x0000000012c7fbd0:   00000000711addd0 0000000070f62b20
0x0000000012c7fbe0:   00000000fc888ad4 0000000000000000
0x0000000012c7fbf0:   0000000019210fc0 00008f5e00007852
0x0000000012c7fc00:   00000000fc888ad4 0000000070f634f5
0x0000000012c7fc10:   00000000e2d367e0 0000000000000000
0x0000000012c7fc20:   0000000019210fc0 0000000070f62a31
0x0000000012c7fc30:   00008f5e00007852 0000000000000004
0x0000000012c7fc40:   0000000019210fc0 00008f5e00007852 

Instructions: (pc=0x0000000070f62651)
0x0000000070f62631:   7b 30 39 00 eb 04 4c 8b 4b 08 41 81 79 08 00 00
0x0000000070f62641:   00 c0 73 12 49 8b 01 4c 8b c3 48 8b d6 49 8b c9
0x0000000070f62651:   ff 90 20 01 00 00 48 8b d7 48 8b cb e8 fe 1a 00
0x0000000070f62661:   00 48 8b c3 48 8b 5c 24 30 48 8b 74 24 38 48 83 


Register to memory mapping:

RAX={method} {0x0000000038b67338} 'getLastModDate' '()J' in 'com/android/tools/build/apkzlib/zip/CentralDirectoryHeader'
RBX=0x00000000e2d0b7b8 is an oop

[error occurred during error reporting (printing register info), id 0xc0000005]

Stack: [0x0000000012b80000,0x0000000012c80000],  sp=0x0000000012c7fb50,  free space=1022k
Native frames: (J=compiled Java code, j=interpreted, Vv=VM code, C=native code)
V  [jvm.dll+0x3d2651]
V  [jvm.dll+0x3d29cd]
V  [jvm.dll+0x3d2b20]
V  [jvm.dll+0x3d34f5]
V  [jvm.dll+0x3d60ab]
V  [jvm.dll+0x3c482e]
V  [jvm.dll+0x27276a]
C  [msvcr100.dll+0x21d9f]
C  [msvcr100.dll+0x21e3b]
C  [KERNEL32.DLL+0x17034]
C  [ntdll.dll+0x4d0d1]


---------------  P R O C E S S  ---------------

Java Threads: ( => current thread )
  0x0000000025712000 JavaThread "WorkerExecutor Queue Thread 5" [_thread_blocked, id=12092, stack(0x0000000037770000,0x0000000037870000)]
  0x0000000025709800 JavaThread "Cache worker for Java compile cache (D:\AndroidProyectMad\MVVM TODO 2.0\.gradle\6.5\javaCompile)" [_thread_blocked, id=9324, stack(0x0000000037000000,0x0000000037100000)]
  0x0000000025713000 JavaThread "RMI TCP Connection(5)-127.0.0.1" daemon [_thread_in_native, id=9944, stack(0x00000000460e0000,0x00000000461e0000)]
  0x000000002570b000 JavaThread "WorkerExecutor Queue Thread 4" [_thread_blocked, id=12176, stack(0x0000000037cc0000,0x0000000037dc0000)]
  0x000000002570a800 JavaThread "RMI TCP Connection(4)-127.0.0.1" daemon [_thread_in_native, id=9652, stack(0x0000000037670000,0x0000000037770000)]
  0x0000000025709000 JavaThread "RMI TCP Connection(6)-127.0.0.1" daemon [_thread_in_native, id=7708, stack(0x0000000037bc0000,0x0000000037cc0000)]
  0x0000000025704800 JavaThread "WorkerExecutor Queue Thread 2" [_thread_blocked, id=3800, stack(0x0000000037100000,0x0000000037200000)]
  0x0000000025706800 JavaThread "stdout" [_thread_in_native, id=9260, stack(0x0000000036cb0000,0x0000000036db0000)]
  0x0000000030718000 JavaThread "stderr" [_thread_in_native, id=3400, stack(0x0000000036bb0000,0x0000000036cb0000)]
  0x0000000025c5f000 JavaThread "pool-14-thread-1" [_thread_blocked, id=11448, stack(0x00000000367b0000,0x00000000368b0000)]
  0x0000000025c5c000 JavaThread "Cache worker for execution history cache (D:\AndroidProyectMad\MVVM TODO 2.0\.gradle\6.5\executionHistory)" [_thread_blocked, id=10456, stack(0x0000000036290000,0x0000000036390000)]
  0x000000001b434800 JavaThread "Execution worker for ':' Thread 11" [_thread_blocked, id=7652, stack(0x0000000036090000,0x0000000036190000)]
  0x000000001b43a000 JavaThread "Execution worker for ':' Thread 10" [_thread_blocked, id=11528, stack(0x0000000035cb0000,0x0000000035db0000)]
  0x000000001b43b800 JavaThread "Execution worker for ':' Thread 9" [_thread_blocked, id=9336, stack(0x0000000035bb0000,0x0000000035cb0000)]
  0x000000001b436000 JavaThread "Execution worker for ':' Thread 8" [_thread_blocked, id=2776, stack(0x0000000035ab0000,0x0000000035bb0000)]
  0x000000001b439000 JavaThread "Execution worker for ':' Thread 7" [_thread_blocked, id=6080, stack(0x00000000359b0000,0x0000000035ab0000)]
  0x000000001b437800 JavaThread "Execution worker for ':' Thread 6" [_thread_blocked, id=9064, stack(0x00000000358b0000,0x00000000359b0000)]
  0x000000001b437000 JavaThread "Execution worker for ':' Thread 5" [_thread_blocked, id=3836, stack(0x00000000357b0000,0x00000000358b0000)]
  0x000000001b43a800 JavaThread "Execution worker for ':' Thread 4" [_thread_blocked, id=8076, stack(0x00000000356b0000,0x00000000357b0000)]
  0x000000001b438800 JavaThread "Execution worker for ':' Thread 3" [_thread_blocked, id=6556, stack(0x00000000355b0000,0x00000000356b0000)]
  0x0000000024c96800 JavaThread "Execution worker for ':' Thread 2" [_thread_blocked, id=6220, stack(0x00000000354b0000,0x00000000355b0000)]
  0x0000000024c95000 JavaThread "Execution worker for ':'" [_thread_blocked, id=7632, stack(0x0000000035290000,0x0000000035390000)]
  0x0000000024c97000 JavaThread "Cache worker for file content cache (D:\AndroidProyectMad\MVVM TODO 2.0\.gradle\6.5\fileContent)" [_thread_blocked, id=10964, stack(0x00000000353b0000,0x00000000354b0000)]
  0x0000000024c95800 JavaThread "pool-10-thread-1" [_thread_blocked, id=7036, stack(0x0000000033dc0000,0x0000000033ec0000)]
  0x0000000024c94000 JavaThread "Cache worker for Build Output Cleanup Cache (D:\AndroidProyectMad\MVVM TODO 2.0\.gradle\buildOutputCleanup)" [_thread_blocked, id=6880, stack(0x0000000027020000,0x0000000027120000)]
  0x0000000024c93800 JavaThread "Build operations Thread 12" [_thread_blocked, id=4352, stack(0x0000000026f20000,0x0000000027020000)]
  0x0000000024c8c000 JavaThread "Build operations Thread 11" [_thread_blocked, id=1080, stack(0x0000000026e20000,0x0000000026f20000)]
  0x0000000024c92000 JavaThread "Build operations Thread 10" [_thread_blocked, id=4336, stack(0x0000000026d20000,0x0000000026e20000)]
  0x0000000024c91000 JavaThread "Build operations Thread 9" [_thread_blocked, id=11980, stack(0x0000000026c20000,0x0000000026d20000)]
  0x0000000024c92800 JavaThread "Build operations Thread 8" [_thread_blocked, id=11948, stack(0x0000000026b20000,0x0000000026c20000)]
  0x0000000024c8a800 JavaThread "Build operations Thread 7" [_thread_blocked, id=11964, stack(0x00000000261d0000,0x00000000262d0000)]
  0x0000000024c89800 JavaThread "Build operations Thread 6" [_thread_blocked, id=3208, stack(0x00000000250b0000,0x00000000251b0000)]
  0x0000000024c90800 JavaThread "Build operations Thread 5" [_thread_blocked, id=9852, stack(0x0000000023bc0000,0x0000000023cc0000)]
  0x000000003d379000 JavaThread "Build operations Thread 4" [_thread_blocked, id=2928, stack(0x00000000232c0000,0x00000000233c0000)]
  0x000000003d378800 JavaThread "Build operations Thread 3" [_thread_blocked, id=7128, stack(0x00000000231c0000,0x00000000232c0000)]
  0x000000003d377800 JavaThread "Build operations Thread 2" [_thread_blocked, id=9076, stack(0x00000000230c0000,0x00000000231c0000)]
  0x000000003d374800 JavaThread "Build operations" [_thread_blocked, id=5688, stack(0x0000000022dc0000,0x0000000022ec0000)]
  0x000000003d375800 JavaThread "Cache worker for cache directory md-rule (C:\Users\Jose Alejandro\.gradle\caches\6.5\md-rule)" [_thread_blocked, id=9268, stack(0x00000000215c0000,0x00000000216c0000)]
  0x000000003d37a000 JavaThread "Cache worker for cache directory md-supplier (C:\Users\Jose Alejandro\.gradle\caches\6.5\md-supplier)" [_thread_blocked, id=2416, stack(0x00000000214c0000,0x00000000215c0000)]
  0x000000003d377000 JavaThread "Cache worker for checksums cache (D:\AndroidProyectMad\MVVM TODO 2.0\.gradle\checksums)" [_thread_blocked, id=9328, stack(0x00000000213c0000,0x00000000214c0000)]
  0x000000003d36f800 JavaThread "Cache worker for file hash cache (D:\AndroidProyectMad\MVVM TODO 2.0\.gradle\6.5\fileHashes)" [_thread_blocked, id=11520, stack(0x000000001e820000,0x000000001e920000)]
  0x000000003d373000 JavaThread "Thread-657" [_thread_blocked, id=5016, stack(0x000000001e720000,0x000000001e820000)]
  0x000000003d376000 JavaThread "Stdin handler" [_thread_blocked, id=10432, stack(0x000000001e620000,0x000000001e720000)]
  0x000000003d374000 JavaThread "Asynchronous log dispatcher for DefaultDaemonConnection: socket connection from /127.0.0.1:49695 to /127.0.0.1:50012" [_thread_blocked, id=11688, stack(0x000000001ddb0000,0x000000001deb0000)]
  0x000000003d372800 JavaThread "Cancel handler" [_thread_blocked, id=1696, stack(0x0000000000c60000,0x0000000000d60000)]
  0x000000003d36d000 JavaThread "Handler for socket connection from /127.0.0.1:49695 to /127.0.0.1:50012" [_thread_in_native, id=2616, stack(0x0000000000b60000,0x0000000000c60000)]
  0x000000003d36b000 JavaThread "jar transforms Thread 479" [_thread_blocked, id=11344, stack(0x0000000032770000,0x0000000032870000)]
  0x000000003d371800 JavaThread "jar transforms Thread 478" [_thread_blocked, id=9004, stack(0x0000000032470000,0x0000000032570000)]
  0x000000003d370000 JavaThread "jar transforms Thread 477" [_thread_blocked, id=8016, stack(0x0000000032370000,0x0000000032470000)]
  0x000000003d36b800 JavaThread "jar transforms Thread 476" [_thread_blocked, id=10096, stack(0x0000000032270000,0x0000000032370000)]
  0x000000003d371000 JavaThread "jar transforms Thread 475" [_thread_blocked, id=4460, stack(0x0000000032170000,0x0000000032270000)]
  0x000000001b298800 JavaThread "jar transforms Thread 474" [_thread_blocked, id=10960, stack(0x0000000032070000,0x0000000032170000)]
  0x000000001b297800 JavaThread "jar transforms Thread 473" [_thread_blocked, id=8748, stack(0x0000000030110000,0x0000000030210000)]
  0x000000001b29d800 JavaThread "jar transforms Thread 472" [_thread_blocked, id=10452, stack(0x000000002f9a0000,0x000000002faa0000)]
  0x000000001b29a000 JavaThread "jar transforms Thread 471" [_thread_blocked, id=3332, stack(0x000000002d3b0000,0x000000002d4b0000)]
  0x000000001b29d000 JavaThread "jar transforms Thread 470" [_thread_blocked, id=10740, stack(0x000000002d0b0000,0x000000002d1b0000)]
  0x000000001b299000 JavaThread "jar transforms Thread 469" [_thread_blocked, id=11440, stack(0x000000002ce20000,0x000000002cf20000)]
  0x000000001b29b800 JavaThread "jar transforms Thread 468" [_thread_blocked, id=10888, stack(0x000000002cd20000,0x000000002ce20000)]
  0x0000000030725000 JavaThread "jar transforms Thread 467" [_thread_blocked, id=6724, stack(0x000000002cc20000,0x000000002cd20000)]
  0x0000000030720000 JavaThread "jar transforms Thread 466" [_thread_blocked, id=11940, stack(0x000000002cb20000,0x000000002cc20000)]
  0x0000000030723000 JavaThread "jar transforms Thread 465" [_thread_blocked, id=10292, stack(0x000000002ca20000,0x000000002cb20000)]
  0x0000000030721000 JavaThread "jar transforms Thread 464" [_thread_blocked, id=10168, stack(0x000000002c920000,0x000000002ca20000)]
  0x000000003071b800 JavaThread "jar transforms Thread 463" [_thread_blocked, id=2420, stack(0x000000002c820000,0x000000002c920000)]
  0x0000000030721800 JavaThread "jar transforms Thread 462" [_thread_blocked, id=7736, stack(0x000000002c720000,0x000000002c820000)]
  0x000000003071e000 JavaThread "jar transforms Thread 461" [_thread_blocked, id=4700, stack(0x000000002c620000,0x000000002c720000)]
  0x0000000030718800 JavaThread "jar transforms Thread 460" [_thread_blocked, id=8744, stack(0x000000002c520000,0x000000002c620000)]
  0x000000003071a000 JavaThread "jar transforms Thread 459" [_thread_blocked, id=1284, stack(0x000000002c420000,0x000000002c520000)]
  0x0000000030717000 JavaThread "jar transforms Thread 458" [_thread_blocked, id=7028, stack(0x000000002c320000,0x000000002c420000)]
  0x0000000020724800 JavaThread "jar transforms Thread 457" [_thread_blocked, id=1132, stack(0x000000002c220000,0x000000002c320000)]
  0x0000000020724000 JavaThread "jar transforms Thread 456" [_thread_blocked, id=11544, stack(0x000000002c120000,0x000000002c220000)]
  0x0000000020723000 JavaThread "jar transforms Thread 455" [_thread_blocked, id=2360, stack(0x000000002c020000,0x000000002c120000)]
  0x0000000020721800 JavaThread "jar transforms Thread 454" [_thread_blocked, id=12260, stack(0x000000002bf20000,0x000000002c020000)]
  0x0000000020728800 JavaThread "jar transforms Thread 453" [_thread_blocked, id=2692, stack(0x000000002be20000,0x000000002bf20000)]
  0x0000000020727000 JavaThread "jar transforms Thread 452" [_thread_blocked, id=560, stack(0x000000002bd20000,0x000000002be20000)]
  0x0000000020726000 JavaThread "jar transforms Thread 451" [_thread_blocked, id=11992, stack(0x000000002bc20000,0x000000002bd20000)]
  0x0000000020722800 JavaThread "jar transforms Thread 450" [_thread_blocked, id=1184, stack(0x000000002bb20000,0x000000002bc20000)]
  0x0000000020727800 JavaThread "jar transforms Thread 449" [_thread_blocked, id=2080, stack(0x000000002ba20000,0x000000002bb20000)]
  0x0000000020725800 JavaThread "jar transforms Thread 448" [_thread_blocked, id=11852, stack(0x000000002b920000,0x000000002ba20000)]
  0x000000002071a000 JavaThread "jar transforms Thread 447" [_thread_blocked, id=10656, stack(0x000000002b820000,0x000000002b920000)]
  0x0000000020721000 JavaThread "jar transforms Thread 446" [_thread_blocked, id=4272, stack(0x000000002b720000,0x000000002b820000)]
  0x0000000020720000 JavaThread "jar transforms Thread 445" [_thread_blocked, id=11592, stack(0x000000002b620000,0x000000002b720000)]
  0x000000002071f800 JavaThread "jar transforms Thread 444" [_thread_blocked, id=2464, stack(0x000000002b520000,0x000000002b620000)]
  0x000000002071e800 JavaThread "jar transforms Thread 443" [_thread_blocked, id=11432, stack(0x000000002b420000,0x000000002b520000)]
  0x0000000024243000 JavaThread "jar transforms Thread 442" [_thread_blocked, id=1708, stack(0x000000002b320000,0x000000002b420000)]
  0x0000000024243800 JavaThread "jar transforms Thread 441" [_thread_blocked, id=11888, stack(0x000000002b220000,0x000000002b320000)]
  0x0000000024242000 JavaThread "jar transforms Thread 440" [_thread_blocked, id=3920, stack(0x000000002b120000,0x000000002b220000)]
  0x0000000024241800 JavaThread "jar transforms Thread 439" [_thread_blocked, id=7088, stack(0x000000002b020000,0x000000002b120000)]
  0x000000002423a000 JavaThread "jar transforms Thread 438" [_thread_blocked, id=3256, stack(0x000000002af20000,0x000000002b020000)]
  0x0000000024240800 JavaThread "jar transforms Thread 437" [_thread_blocked, id=6628, stack(0x000000002ae20000,0x000000002af20000)]
  0x0000000024240000 JavaThread "jar transforms Thread 436" [_thread_blocked, id=6768, stack(0x000000002ad20000,0x000000002ae20000)]
  0x000000002423e800 JavaThread "jar transforms Thread 435" [_thread_blocked, id=3388, stack(0x000000002ac20000,0x000000002ad20000)]
  0x000000002423d000 JavaThread "jar transforms Thread 434" [_thread_blocked, id=10628, stack(0x000000002ab20000,0x000000002ac20000)]
  0x000000002423c000 JavaThread "jar transforms Thread 433" [_thread_blocked, id=2388, stack(0x000000002aa20000,0x000000002ab20000)]
  0x0000000024238800 JavaThread "jar transforms Thread 432" [_thread_blocked, id=3804, stack(0x000000002a920000,0x000000002aa20000)]
  0x0000000024234800 JavaThread "jar transforms Thread 431" [_thread_blocked, id=12280, stack(0x000000002a820000,0x000000002a920000)]
  0x000000002423b800 JavaThread "jar transforms Thread 430" [_thread_blocked, id=2572, stack(0x000000002a720000,0x000000002a820000)]
  0x000000002423a800 JavaThread "jar transforms Thread 429" [_thread_blocked, id=11352, stack(0x000000002a620000,0x000000002a720000)]
  0x0000000024237800 JavaThread "jar transforms Thread 428" [_thread_blocked, id=10920, stack(0x000000002a520000,0x000000002a620000)]
  0x0000000025c71000 JavaThread "jar transforms Thread 427" [_thread_blocked, id=5444, stack(0x000000002a420000,0x000000002a520000)]
  0x0000000025c69800 JavaThread "jar transforms Thread 426" [_thread_blocked, id=12240, stack(0x000000002a320000,0x000000002a420000)]
  0x0000000025c70800 JavaThread "jar transforms Thread 425" [_thread_blocked, id=10912, stack(0x000000002a220000,0x000000002a320000)]
  0x0000000025c6f800 JavaThread "jar transforms Thread 424" [_thread_blocked, id=7508, stack(0x000000002a120000,0x000000002a220000)]
  0x0000000025c66000 JavaThread "jar transforms Thread 423" [_thread_blocked, id=4076, stack(0x000000002a020000,0x000000002a120000)]
  0x0000000025c67800 JavaThread "jar transforms Thread 422" [_thread_blocked, id=8256, stack(0x0000000029f20000,0x000000002a020000)]
  0x0000000025c69000 JavaThread "jar transforms Thread 421" [_thread_blocked, id=5816, stack(0x0000000029e20000,0x0000000029f20000)]
  0x0000000025c6c800 JavaThread "jar transforms Thread 420" [_thread_blocked, id=1568, stack(0x0000000029d20000,0x0000000029e20000)]
  0x0000000025c66800 JavaThread "jar transforms Thread 419" [_thread_blocked, id=10768, stack(0x0000000029c20000,0x0000000029d20000)]
  0x0000000025c5d800 JavaThread "jar transforms Thread 418" [_thread_blocked, id=3496, stack(0x0000000029b20000,0x0000000029c20000)]
  0x0000000025c62000 JavaThread "jar transforms Thread 417" [_thread_blocked, id=1488, stack(0x0000000029a20000,0x0000000029b20000)]
  0x0000000025c61800 JavaThread "jar transforms Thread 416" [_thread_blocked, id=10016, stack(0x0000000029920000,0x0000000029a20000)]
  0x0000000025c60000 JavaThread "jar transforms Thread 415" [_thread_blocked, id=1776, stack(0x0000000029820000,0x0000000029920000)]
  0x0000000025c64800 JavaThread "jar transforms Thread 414" [_thread_blocked, id=10684, stack(0x0000000029720000,0x0000000029820000)]
  0x0000000025c52800 JavaThread "jar transforms Thread 413" [_thread_blocked, id=1672, stack(0x0000000029620000,0x0000000029720000)]
  0x0000000024b90800 JavaThread "jar transforms Thread 412" [_thread_blocked, id=3020, stack(0x0000000029520000,0x0000000029620000)]
  0x0000000024b93800 JavaThread "jar transforms Thread 411" [_thread_blocked, id=12228, stack(0x0000000029420000,0x0000000029520000)]
  0x0000000024b94000 JavaThread "jar transforms Thread 410" [_thread_blocked, id=12060, stack(0x0000000029320000,0x0000000029420000)]
  0x0000000024b92800 JavaThread "jar transforms Thread 409" [_thread_blocked, id=11752, stack(0x0000000029220000,0x0000000029320000)]
  0x0000000024b8f800 JavaThread "jar transforms Thread 408" [_thread_blocked, id=2168, stack(0x0000000029120000,0x0000000029220000)]
  0x0000000024b8e000 JavaThread "jar transforms Thread 407" [_thread_blocked, id=6464, stack(0x0000000029020000,0x0000000029120000)]
  0x0000000024b8f000 JavaThread "jar transforms Thread 406" [_thread_blocked, id=10868, stack(0x0000000028f20000,0x0000000029020000)]
  0x0000000024b92000 JavaThread "jar transforms Thread 405" [_thread_blocked, id=5876, stack(0x0000000028e20000,0x0000000028f20000)]
  0x0000000024b91000 JavaThread "jar transforms Thread 404" [_thread_blocked, id=12028, stack(0x0000000028d20000,0x0000000028e20000)]
  0x0000000024b8d800 JavaThread "jar transforms Thread 403" [_thread_blocked, id=4648, stack(0x0000000028c20000,0x0000000028d20000)]
  0x0000000024b86000 JavaThread "jar transforms Thread 402" [_thread_blocked, id=1472, stack(0x0000000028b20000,0x0000000028c20000)]
  0x0000000024b89000 JavaThread "jar transforms Thread 401" [_thread_blocked, id=12108, stack(0x0000000028a20000,0x0000000028b20000)]
  0x0000000024b8c800 JavaThread "jar transforms Thread 400" [_thread_blocked, id=2644, stack(0x0000000028920000,0x0000000028a20000)]
  0x0000000024b85000 JavaThread "jar transforms Thread 399" [_thread_blocked, id=5572, stack(0x0000000028820000,0x0000000028920000)]
  0x0000000024b88000 JavaThread "jar transforms Thread 398" [_thread_blocked, id=9660, stack(0x0000000028720000,0x0000000028820000)]
  0x0000000024b86800 JavaThread "jar transforms Thread 397" [_thread_blocked, id=9856, stack(0x0000000028620000,0x0000000028720000)]
  0x0000000024b8b000 JavaThread "jar transforms Thread 396" [_thread_blocked, id=10332, stack(0x0000000028520000,0x0000000028620000)]
  0x0000000024b8c000 JavaThread "jar transforms Thread 395" [_thread_blocked, id=3552, stack(0x0000000028420000,0x0000000028520000)]
  0x0000000020f8b000 JavaThread "jar transforms Thread 394" [_thread_blocked, id=3164, stack(0x0000000028320000,0x0000000028420000)]
  0x0000000020f88800 JavaThread "jar transforms Thread 393" [_thread_blocked, id=3192, stack(0x0000000028220000,0x0000000028320000)]
  0x0000000020f89800 JavaThread "jar transforms Thread 392" [_thread_blocked, id=1616, stack(0x0000000028120000,0x0000000028220000)]
  0x0000000020f87000 JavaThread "jar transforms Thread 391" [_thread_blocked, id=2780, stack(0x0000000028020000,0x0000000028120000)]
  0x0000000020f8c800 JavaThread "jar transforms Thread 390" [_thread_blocked, id=8872, stack(0x0000000027f20000,0x0000000028020000)]
  0x0000000020f8b800 JavaThread "jar transforms Thread 389" [_thread_blocked, id=6632, stack(0x0000000027e20000,0x0000000027f20000)]
  0x0000000020f8a000 JavaThread "jar transforms Thread 388" [_thread_blocked, id=4040, stack(0x0000000027d20000,0x0000000027e20000)]
  0x0000000020f88000 JavaThread "jar transforms Thread 387" [_thread_blocked, id=2756, stack(0x0000000027c20000,0x0000000027d20000)]
  0x0000000020f7e000 JavaThread "jar transforms Thread 386" [_thread_blocked, id=2400, stack(0x0000000027b20000,0x0000000027c20000)]
  0x0000000020f7f800 JavaThread "jar transforms Thread 385" [_thread_blocked, id=3772, stack(0x0000000027a20000,0x0000000027b20000)]
  0x0000000020f7f000 JavaThread "jar transforms Thread 384" [_thread_blocked, id=10936, stack(0x0000000027920000,0x0000000027a20000)]
  0x0000000020f85000 JavaThread "jar transforms Thread 383" [_thread_blocked, id=3452, stack(0x0000000027820000,0x0000000027920000)]
  0x0000000020f7d800 JavaThread "jar transforms Thread 382" [_thread_blocked, id=5308, stack(0x0000000027720000,0x0000000027820000)]
  0x0000000020f84000 JavaThread "jar transforms Thread 381" [_thread_blocked, id=8636, stack(0x0000000027620000,0x0000000027720000)]
  0x0000000020f83800 JavaThread "jar transforms Thread 380" [_thread_blocked, id=11956, stack(0x0000000027520000,0x0000000027620000)]
  0x0000000020f82800 JavaThread "jar transforms Thread 379" [_thread_blocked, id=10320, stack(0x0000000027420000,0x0000000027520000)]
  0x0000000020f82000 JavaThread "jar transforms Thread 378" [_thread_blocked, id=2828, stack(0x0000000027320000,0x0000000027420000)]
  0x0000000020f81000 JavaThread "jar transforms Thread 377" [_thread_blocked, id=5388, stack(0x0000000027220000,0x0000000027320000)]
  0x0000000024c98000 JavaThread "jar transforms Thread 376" [_thread_blocked, id=9360, stack(0x0000000027120000,0x0000000027220000)]
  0x0000000024c89000 JavaThread "jar transforms Thread 375" [_thread_blocked, id=5620, stack(0x0000000022ac0000,0x0000000022bc0000)]
  0x0000000024c8f800 JavaThread "jar transforms Thread 374" [_thread_blocked, id=5804, stack(0x00000000226c0000,0x00000000227c0000)]
  0x0000000024c8f000 JavaThread "jar transforms Thread 373" [_thread_blocked, id=11832, stack(0x00000000225c0000,0x00000000226c0000)]
  0x0000000024c8d800 JavaThread "jar transforms Thread 372" [_thread_blocked, id=8972, stack(0x00000000224c0000,0x00000000225c0000)]
  0x0000000024c8c800 JavaThread "jar transforms Thread 371" [_thread_blocked, id=11840, stack(0x00000000223c0000,0x00000000224c0000)]
  0x0000000024c8b000 JavaThread "jar transforms Thread 370" [_thread_blocked, id=3224, stack(0x00000000222c0000,0x00000000223c0000)]
  0x000000001b43d000 JavaThread "jar transforms Thread 369" [_thread_blocked, id=11972, stack(0x00000000221c0000,0x00000000222c0000)]
  0x000000001b440800 JavaThread "jar transforms Thread 368" [_thread_blocked, id=12184, stack(0x0000000021fc0000,0x00000000220c0000)]
  0x000000001b440000 JavaThread "jar transforms Thread 367" [_thread_blocked, id=10212, stack(0x0000000021ec0000,0x0000000021fc0000)]
  0x000000001b43f000 JavaThread "jar transforms Thread 366" [_thread_blocked, id=6072, stack(0x0000000021dc0000,0x0000000021ec0000)]
  0x000000001b444000 JavaThread "jar transforms Thread 365" [_thread_blocked, id=5696, stack(0x0000000021cc0000,0x0000000021dc0000)]
  0x000000001b442800 JavaThread "jar transforms Thread 364" [_thread_blocked, id=9028, stack(0x0000000021bc0000,0x0000000021cc0000)]
  0x000000001b441800 JavaThread "jar transforms Thread 363" [_thread_blocked, id=11120, stack(0x0000000021ac0000,0x0000000021bc0000)]
  0x000000001b43e800 JavaThread "jar transforms Thread 362" [_thread_blocked, id=11296, stack(0x00000000219c0000,0x0000000021ac0000)]
  0x000000001b443000 JavaThread "jar transforms Thread 361" [_thread_blocked, id=3464, stack(0x00000000218c0000,0x00000000219c0000)]
  0x000000001b435800 JavaThread "jar transforms Thread 360" [_thread_blocked, id=9860, stack(0x00000000217c0000,0x00000000218c0000)]
  0x000000001b43c000 JavaThread "jar transforms Thread 359" [_thread_blocked, id=11260, stack(0x00000000216c0000,0x00000000217c0000)]
  0x0000000030725800 JavaThread "ForkJoinPool.commonPool-worker-10" daemon [_thread_blocked, id=11916, stack(0x0000000048c00000,0x0000000048d00000)]
  0x000000003071f800 JavaThread "ForkJoinPool.commonPool-worker-1" daemon [_thread_blocked, id=5772, stack(0x0000000048b00000,0x0000000048c00000)]
  0x0000000030724000 JavaThread "ForkJoinPool.commonPool-worker-8" daemon [_thread_blocked, id=6804, stack(0x0000000048a00000,0x0000000048b00000)]
  0x0000000025c5e800 JavaThread "Cache worker for Java compile cache (C:\Users\Jose Alejandro\.gradle\caches\6.5\javaCompile)" [_thread_blocked, id=5400, stack(0x0000000033670000,0x0000000033770000)]
  0x0000000025c5a800 JavaThread "RMI Reaper" [_thread_blocked, id=3948, stack(0x0000000036ab0000,0x0000000036bb0000)]
  0x0000000025c55800 JavaThread "RMI TCP Accept-0" daemon [_thread_in_native, id=9928, stack(0x00000000369b0000,0x0000000036ab0000)]
  0x0000000025c5b800 JavaThread "GC Daemon" daemon [_thread_blocked, id=9440, stack(0x00000000368b0000,0x00000000369b0000)]
  0x0000000025c54800 JavaThread "RMI Scheduler(0)" daemon [_thread_blocked, id=3576, stack(0x0000000036190000,0x0000000036290000)]
  0x0000000024b87800 JavaThread "MarlinRenderer Disposer" daemon [_thread_blocked, id=6436, stack(0x0000000037370000,0x0000000037470000)]
  0x0000000024b8a800 JavaThread "Java2D Disposer" daemon [_thread_blocked, id=9892, stack(0x0000000037200000,0x0000000037300000)]
  0x0000000024237000 JavaThread "Daemon worker Thread 2" [_thread_blocked, id=3812, stack(0x000000001dcb0000,0x000000001ddb0000)]
  0x0000000024236000 JavaThread "Daemon Thread 2" [_thread_blocked, id=5860, stack(0x0000000000a60000,0x0000000000b60000)]
  0x0000000024239000 JavaThread "Memory manager" [_thread_blocked, id=10508, stack(0x000000002f480000,0x000000002f580000)]
  0x000000002071b000 JavaThread "Cache worker for file content cache (C:\Users\Jose Alejandro\.gradle\caches\6.5\fileContent)" [_thread_blocked, id=7376, stack(0x0000000023ac0000,0x0000000023bc0000)]
  0x000000002071b800 JavaThread "Cache worker for execution history cache (C:\Users\Jose Alejandro\.gradle\caches\6.5\executionHistory)" [_thread_blocked, id=9716, stack(0x00000000235c0000,0x00000000236c0000)]
  0x000000001b29a800 JavaThread "Cache worker for file hash cache (C:\Users\Jose Alejandro\.gradle\caches\6.5\fileHashes)" [_thread_blocked, id=8604, stack(0x000000001ef20000,0x000000001f020000)]
  0x000000001b29c000 JavaThread "File lock request listener" [_thread_in_native, id=8608, stack(0x000000001ee20000,0x000000001ef20000)]
  0x000000001ca7f800 JavaThread "Cache worker for journal cache (C:\Users\Jose Alejandro\.gradle\caches\journal-1)" [_thread_blocked, id=8584, stack(0x000000001ed20000,0x000000001ee20000)]
  0x000000001c6f2800 JavaThread "Daemon periodic checks" [_thread_blocked, id=8712, stack(0x000000001e120000,0x000000001e220000)]
  0x000000001c5c2000 JavaThread "Incoming local TCP Connector on port 49695" [_thread_in_native, id=2824, stack(0x000000001deb0000,0x000000001dfb0000)]
  0x000000001ca57000 JavaThread "Daemon health stats" [_thread_blocked, id=6512, stack(0x000000001d870000,0x000000001d970000)]
  0x00000000192e6800 JavaThread "Service Thread" daemon [_thread_blocked, id=8592, stack(0x000000001acd0000,0x000000001add0000)]
  0x0000000019258000 JavaThread "C1 CompilerThread3" daemon [_thread_blocked, id=4340, stack(0x000000001abd0000,0x000000001acd0000)]
  0x0000000019257000 JavaThread "C2 CompilerThread2" daemon [_thread_blocked, id=8612, stack(0x000000001aad0000,0x000000001abd0000)]
  0x0000000017b7c000 JavaThread "C2 CompilerThread1" daemon [_thread_blocked, id=8724, stack(0x000000001a9d0000,0x000000001aad0000)]
  0x000000001924f800 JavaThread "C2 CompilerThread0" daemon [_thread_blocked, id=9732, stack(0x000000001a8d0000,0x000000001a9d0000)]
  0x000000001924c800 JavaThread "Attach Listener" daemon [_thread_blocked, id=4368, stack(0x000000001a7d0000,0x000000001a8d0000)]
  0x000000001924b800 JavaThread "Signal Dispatcher" daemon [_thread_blocked, id=9680, stack(0x000000001a6d0000,0x000000001a7d0000)]
  0x00000000028fa000 JavaThread "Finalizer" daemon [_thread_blocked, id=6540, stack(0x000000001a4b0000,0x000000001a5b0000)]
  0x0000000017b6c800 JavaThread "Reference Handler" daemon [_thread_blocked, id=6528, stack(0x000000001a3b0000,0x000000001a4b0000)]
  0x0000000000e8e000 JavaThread "main" [_thread_blocked, id=8664, stack(0x0000000002700000,0x0000000002800000)]

Other Threads:
  0x0000000017b66000 VMThread [stack: 0x000000001a2b0000,0x000000001a3b0000] [id=6520]
  0x00000000192a3800 WatcherThread [stack: 0x000000001add0000,0x000000001aed0000] [id=6504]

=>0x0000000002825800 (exited) GCTaskThread [stack: 0x0000000012b80000,0x0000000012c80000] [id=8528]

VM state:at safepoint (normal execution)

VM Mutex/Monitor currently owned by a thread:  ([mutex/lock_event])
[0x0000000000e8dac0] Threads_lock - owner thread: 0x0000000017b66000
[0x0000000000e8d6c0] Heap_lock - owner thread: 0x0000000024c92800

heap address: 0x0000000080000000, size: 2048 MB, Compressed Oops mode: 32-bit
Narrow klass base: 0x0000000000000000, Narrow klass shift: 3
Compressed class space size: 1073741824 Address: 0x0000000100000000

Heap:
 PSYoungGen      total 578048K, used 514375K [0x00000000d5580000, 0x0000000100000000, 0x0000000100000000)
  eden space 478720K, 100% used [0x00000000d5580000,0x00000000f2900000,0x00000000f2900000)
  from space 99328K, 35% used [0x00000000f2900000,0x00000000f4bd1f50,0x00000000f8a00000)
  to   space 93696K, 40% used [0x00000000fa480000,0x00000000fc947928,0x0000000100000000)
 ParOldGen       total 1398272K, used 520564K [0x0000000080000000, 0x00000000d5580000, 0x00000000d5580000)
  object space 1398272K, 37% used [0x0000000080000000,0x000000009fc5d020,0x00000000d5580000)
 Metaspace       used 192834K, capacity 204206K, committed 204760K, reserved 1226752K
  class space    used 24514K, capacity 26772K, committed 26880K, reserved 1048576K

Card table byte_map: [0x0000000011cc0000,0x00000000120d0000] byte_map_base: 0x00000000118c0000

Marking Bits: (ParMarkBitMap*) 0x000000007135f030
 Begin Bits: [0x0000000012d80000, 0x0000000014d80000)
 End Bits:   [0x0000000014d80000, 0x0000000016d80000)

Polling page: 0x00000000005f0000

CodeCache: size=245760Kb used=102474Kb max_used=102505Kb free=143285Kb
 bounds [0x0000000002900000, 0x0000000008db0000, 0x0000000011900000]
 total_blobs=29417 nmethods=28295 adapters=1031
 compilation: enabled

Compilation events (10 events):
Event: 703.404 Thread 0x0000000019258000 36862       2       java.io.WinNTFileSystem::canonicalize (372 bytes)
Event: 703.406 Thread 0x0000000019258000 nmethod 36862 0x0000000008d710d0 code [0x0000000008d71540, 0x0000000008d73558]
Event: 703.416 Thread 0x0000000017b7c000 nmethod 36757% 0x0000000008d90890 code [0x0000000008d91200, 0x0000000008d98148]
Event: 703.416 Thread 0x0000000017b7c000 36738       4       com.android.tools.r8.ir.conversion.K::a (951 bytes)
Event: 703.446 Thread 0x0000000019258000 36864       2       org.gradle.api.internal.provider.ValueSupplier$Missing::pushWhenMissing (48 bytes)
Event: 703.447 Thread 0x0000000019258000 nmethod 36864 0x0000000008d4c290 code [0x0000000008d4c440, 0x0000000008d4c8a8]
Event: 703.450 Thread 0x0000000019258000 36867   !   2       com.android.builder.dexing.JarClassFileInput::entries (174 bytes)
Event: 703.452 Thread 0x0000000019258000 nmethod 36867 0x0000000008d61ad0 code [0x0000000008d61d80, 0x0000000008d62958]
Event: 703.452 Thread 0x0000000019258000 36868       2       java.util.IdentityHashMap$KeySpliterator::characteristics (30 bytes)
Event: 703.453 Thread 0x0000000019258000 nmethod 36868 0x0000000008d61750 code [0x0000000008d618a0, 0x0000000008d61a30]

GC Heap History (10 events):
Event: 618.049 GC heap after
Heap after GC invocations=57 (full 6):
 PSYoungGen      total 613888K, used 76878K [0x00000000d5580000, 0x0000000100000000, 0x0000000100000000)
  eden space 536576K, 0% used [0x00000000d5580000,0x00000000d5580000,0x00000000f6180000)
  from space 77312K, 99% used [0x00000000f6180000,0x00000000fac93ba8,0x00000000fad00000)
  to   space 84992K, 0% used [0x00000000fad00000,0x00000000fad00000,0x0000000100000000)
 ParOldGen       total 604160K, used 424834K [0x0000000080000000, 0x00000000a4e00000, 0x00000000d5580000)
  object space 604160K, 70% used [0x0000000080000000,0x0000000099ee0958,0x00000000a4e00000)
 Metaspace       used 174141K, capacity 183492K, committed 186968K, reserved 1212416K
  class space    used 22129K, capacity 23970K, committed 24704K, reserved 1048576K
}
Event: 620.449 GC heap before
{Heap before GC invocations=58 (full 6):
 PSYoungGen      total 613888K, used 613454K [0x00000000d5580000, 0x0000000100000000, 0x0000000100000000)
  eden space 536576K, 100% used [0x00000000d5580000,0x00000000f6180000,0x00000000f6180000)
  from space 77312K, 99% used [0x00000000f6180000,0x00000000fac93ba8,0x00000000fad00000)
  to   space 84992K, 0% used [0x00000000fad00000,0x00000000fad00000,0x0000000100000000)
 ParOldGen       total 604160K, used 424834K [0x0000000080000000, 0x00000000a4e00000, 0x00000000d5580000)
  object space 604160K, 70% used [0x0000000080000000,0x0000000099ee0958,0x00000000a4e00000)
 Metaspace       used 174184K, capacity 183556K, committed 186968K, reserved 1212416K
  class space    used 22130K, capacity 23970K, committed 24704K, reserved 1048576K
Event: 620.490 GC heap after
Heap after GC invocations=58 (full 6):
 PSYoungGen      total 556544K, used 84984K [0x00000000d5580000, 0x0000000100000000, 0x0000000100000000)
  eden space 471552K, 0% used [0x00000000d5580000,0x00000000d5580000,0x00000000f2200000)
  from space 84992K, 99% used [0x00000000fad00000,0x00000000ffffe0c8,0x0000000100000000)
  to   space 113664K, 0% used [0x00000000f2200000,0x00000000f2200000,0x00000000f9100000)
 ParOldGen       total 604160K, used 441731K [0x0000000080000000, 0x00000000a4e00000, 0x00000000d5580000)
  object space 604160K, 73% used [0x0000000080000000,0x000000009af60d28,0x00000000a4e00000)
 Metaspace       used 174184K, capacity 183556K, committed 186968K, reserved 1212416K
  class space    used 22130K, capacity 23970K, committed 24704K, reserved 1048576K
}
Event: 683.269 GC heap before
{Heap before GC invocations=59 (full 6):
 PSYoungGen      total 556544K, used 556536K [0x00000000d5580000, 0x0000000100000000, 0x0000000100000000)
  eden space 471552K, 100% used [0x00000000d5580000,0x00000000f2200000,0x00000000f2200000)
  from space 84992K, 99% used [0x00000000fad00000,0x00000000ffffe0c8,0x0000000100000000)
  to   space 113664K, 0% used [0x00000000f2200000,0x00000000f2200000,0x00000000f9100000)
 ParOldGen       total 604160K, used 441731K [0x0000000080000000, 0x00000000a4e00000, 0x00000000d5580000)
  object space 604160K, 73% used [0x0000000080000000,0x000000009af60d28,0x00000000a4e00000)
 Metaspace       used 178067K, capacity 188024K, committed 190936K, reserved 1214464K
  class space    used 22605K, capacity 24601K, committed 25344K, reserved 1048576K
Event: 683.317 GC heap after
Heap after GC invocations=59 (full 6):
 PSYoungGen      total 585216K, used 29549K [0x00000000d5580000, 0x0000000100000000, 0x0000000100000000)
  eden space 471552K, 0% used [0x00000000d5580000,0x00000000d5580000,0x00000000f2200000)
  from space 113664K, 25% used [0x00000000f2200000,0x00000000f3edb568,0x00000000f9100000)
  to   space 106496K, 0% used [0x00000000f9800000,0x00000000f9800000,0x0000000100000000)
 ParOldGen       total 604160K, used 488293K [0x0000000080000000, 0x00000000a4e00000, 0x00000000d5580000)
  object space 604160K, 80% used [0x0000000080000000,0x000000009dcd96a0,0x00000000a4e00000)
 Metaspace       used 178067K, capacity 188024K, committed 190936K, reserved 1214464K
  class space    used 22605K, capacity 24601K, committed 25344K, reserved 1048576K
}
Event: 699.433 GC heap before
{Heap before GC invocations=60 (full 6):
 PSYoungGen      total 585216K, used 501101K [0x00000000d5580000, 0x0000000100000000, 0x0000000100000000)
  eden space 471552K, 100% used [0x00000000d5580000,0x00000000f2200000,0x00000000f2200000)
  from space 113664K, 25% used [0x00000000f2200000,0x00000000f3edb568,0x00000000f9100000)
  to   space 106496K, 0% used [0x00000000f9800000,0x00000000f9800000,0x0000000100000000)
 ParOldGen       total 604160K, used 488293K [0x0000000080000000, 0x00000000a4e00000, 0x00000000d5580000)
  object space 604160K, 80% used [0x0000000080000000,0x000000009dcd96a0,0x00000000a4e00000)
 Metaspace       used 185052K, capacity 195076K, committed 197720K, reserved 1220608K
  class space    used 23360K, capacity 25381K, committed 25984K, reserved 1048576K
Event: 699.451 GC heap after
Heap after GC invocations=60 (full 6):
 PSYoungGen      total 563712K, used 31802K [0x00000000d5580000, 0x00000000feb00000, 0x0000000100000000)
  eden space 478720K, 0% used [0x00000000d5580000,0x00000000d5580000,0x00000000f2900000)
  from space 84992K, 37% used [0x00000000f9800000,0x00000000fb70e908,0x00000000feb00000)
  to   space 99328K, 0% used [0x00000000f2900000,0x00000000f2900000,0x00000000f8a00000)
 ParOldGen       total 604160K, used 503026K [0x0000000080000000, 0x00000000a4e00000, 0x00000000d5580000)
  object space 604160K, 83% used [0x0000000080000000,0x000000009eb3c9c0,0x00000000a4e00000)
 Metaspace       used 185052K, capacity 195076K, committed 197720K, reserved 1220608K
  class space    used 23360K, capacity 25381K, committed 25984K, reserved 1048576K
}
Event: 702.908 GC heap before
{Heap before GC invocations=61 (full 6):
 PSYoungGen      total 563712K, used 510522K [0x00000000d5580000, 0x00000000feb00000, 0x0000000100000000)
  eden space 478720K, 100% used [0x00000000d5580000,0x00000000f2900000,0x00000000f2900000)
  from space 84992K, 37% used [0x00000000f9800000,0x00000000fb70e908,0x00000000feb00000)
  to   space 99328K, 0% used [0x00000000f2900000,0x00000000f2900000,0x00000000f8a00000)
 ParOldGen       total 604160K, used 503026K [0x0000000080000000, 0x00000000a4e00000, 0x00000000d5580000)
  object space 604160K, 83% used [0x0000000080000000,0x000000009eb3c9c0,0x00000000a4e00000)
 Metaspace       used 192816K, capacity 204138K, committed 204504K, reserved 1226752K
  class space    used 24513K, capacity 26772K, committed 26880K, reserved 1048576K
Event: 702.928 GC heap after
Heap after GC invocations=61 (full 6):
 PSYoungGen      total 578048K, used 35655K [0x00000000d5580000, 0x0000000100000000, 0x0000000100000000)
  eden space 478720K, 0% used [0x00000000d5580000,0x00000000d5580000,0x00000000f2900000)
  from space 99328K, 35% used [0x00000000f2900000,0x00000000f4bd1f50,0x00000000f8a00000)
  to   space 93696K, 0% used [0x00000000fa480000,0x00000000fa480000,0x0000000100000000)
 ParOldGen       total 604160K, used 520539K [0x0000000080000000, 0x00000000a4e00000, 0x00000000d5580000)
  object space 604160K, 86% used [0x0000000080000000,0x000000009fc56f58,0x00000000a4e00000)
 Metaspace       used 192816K, capacity 204138K, committed 204504K, reserved 1226752K
  class space    used 24513K, capacity 26772K, committed 26880K, reserved 1048576K
}
Event: 703.454 GC heap before
{Heap before GC invocations=62 (full 6):
 PSYoungGen      total 578048K, used 514375K [0x00000000d5580000, 0x0000000100000000, 0x0000000100000000)
  eden space 478720K, 100% used [0x00000000d5580000,0x00000000f2900000,0x00000000f2900000)
  from space 99328K, 35% used [0x00000000f2900000,0x00000000f4bd1f50,0x00000000f8a00000)
  to   space 93696K, 0% used [0x00000000fa480000,0x00000000fa480000,0x0000000100000000)
 ParOldGen       total 604160K, used 520556K [0x0000000080000000, 0x00000000a4e00000, 0x00000000d5580000)
  object space 604160K, 86% used [0x0000000080000000,0x000000009fc5b020,0x00000000a4e00000)
 Metaspace       used 192834K, capacity 204206K, committed 204760K, reserved 1226752K
  class space    used 24514K, capacity 26772K, committed 26880K, reserved 1048576K

Deoptimization events (10 events):
Event: 702.694 Thread 0x000000001b436000 Uncommon trap: reason=bimorphic action=maybe_recompile pc=0x0000000008bf5290 method=org.gradle.internal.snapshot.impl.DefaultValueSnapshotter.processValue(Ljava/lang/Object;Lorg/gradle/internal/snapshot/impl/DefaultValueSnapshotter$ValueVisitor;)Ljava/lan
Event: 702.702 Thread 0x000000001b43a000 Uncommon trap: reason=bimorphic action=maybe_recompile pc=0x0000000008bf5290 method=org.gradle.internal.snapshot.impl.DefaultValueSnapshotter.processValue(Ljava/lang/Object;Lorg/gradle/internal/snapshot/impl/DefaultValueSnapshotter$ValueVisitor;)Ljava/lan
Event: 702.707 Thread 0x000000002570b000 Uncommon trap: reason=unstable_if action=reinterpret pc=0x000000000623ee2c method=com.android.tools.build.apkzlib.zip.CentralDirectory.readEntry(Ljava/nio/ByteBuffer;Lcom/android/tools/build/apkzlib/bytestorage/ByteStorage;)V @ 133
Event: 702.707 Thread 0x000000002570b000 Uncommon trap: reason=unstable_if action=reinterpret pc=0x00000000066342f0 method=com.android.tools.build.apkzlib.zip.StoredEntry.readLocalHeader()V @ 103
Event: 702.935 Thread 0x0000000024c90800 Uncommon trap: reason=predicate action=maybe_recompile pc=0x000000000831791c method=com.android.tools.r8.ir.regalloc.a.a(Lcom/android/tools/r8/utils/k0;Lcom/android/tools/r8/s/b/X;Ljava/util/Map;Ljava/util/List;)V @ 733
Event: 702.938 Thread 0x0000000024c90800 Uncommon trap: reason=unstable_if action=reinterpret pc=0x0000000008240528 method=com.android.tools.r8.graph.Y0.d(Lcom/android/tools/r8/graph/W;)Z @ 17
Event: 702.981 Thread 0x0000000024c92800 Uncommon trap: reason=null_check action=make_not_entrant pc=0x00000000081d6514 method=com.android.tools.r8.s.a.p.a.a(Lcom/android/tools/r8/s/a/p/l;)Lcom/android/tools/r8/s/a/p/o; @ 8
Event: 702.992 Thread 0x0000000024c92800 Uncommon trap: reason=null_check action=make_not_entrant pc=0x00000000081dc344 method=com.android.tools.r8.s.a.p.a.a(Lcom/android/tools/r8/s/a/p/l;)Lcom/android/tools/r8/s/a/p/o; @ 8
Event: 703.390 Thread 0x000000002570b000 Uncommon trap: reason=unstable_if action=reinterpret pc=0x000000000870f980 method=java.io.WinNTFileSystem.parentOrNull(Ljava/lang/String;)Ljava/lang/String; @ 76
Event: 703.390 Thread 0x000000002570b000 Uncommon trap: reason=unstable_if action=reinterpret pc=0x00000000056c01bc method=java.io.WinNTFileSystem.parentOrNull(Ljava/lang/String;)Ljava/lang/String; @ 76

Classes redefined (0 events):
No events

Internal exceptions (10 events):
Event: 703.199 Thread 0x0000000024c90800 Exception <a 'sun/nio/fs/WindowsException'> (0x00000000e834d0b8) thrown at [C:\src\AOSP-openjdk-git\hotspot\src\share\vm\prims\jni.cpp, line 710]
Event: 703.204 Thread 0x000000003d374800 Exception <a 'sun/nio/fs/WindowsException'> (0x00000000e83aae48) thrown at [C:\src\AOSP-openjdk-git\hotspot\src\share\vm\prims\jni.cpp, line 710]
Event: 703.298 Thread 0x0000000024c89800 Exception <a 'sun/nio/fs/WindowsException'> (0x00000000eaa732f8) thrown at [C:\src\AOSP-openjdk-git\hotspot\src\share\vm\prims\jni.cpp, line 710]
Event: 703.302 Thread 0x000000003d379000 Exception <a 'sun/nio/fs/WindowsException'> (0x00000000eac8a8f8) thrown at [C:\src\AOSP-openjdk-git\hotspot\src\share\vm\prims\jni.cpp, line 710]
Event: 703.317 Thread 0x0000000024c89800 Exception <a 'sun/nio/fs/WindowsException'> (0x00000000eb9d3dd0) thrown at [C:\src\AOSP-openjdk-git\hotspot\src\share\vm\prims\jni.cpp, line 710]
Event: 703.338 Thread 0x000000003d379000 Exception <a 'sun/nio/fs/WindowsException'> (0x00000000ec662b48) thrown at [C:\src\AOSP-openjdk-git\hotspot\src\share\vm\prims\jni.cpp, line 710]
Event: 703.436 Thread 0x0000000024c8c000 Exception <a 'sun/nio/fs/WindowsException'> (0x00000000f0cd0278) thrown at [C:\src\AOSP-openjdk-git\hotspot\src\share\vm\prims\jni.cpp, line 710]
Event: 703.441 Thread 0x0000000024c92000 Exception <a 'sun/nio/fs/WindowsException'> (0x00000000f0eaaf40) thrown at [C:\src\AOSP-openjdk-git\hotspot\src\share\vm\prims\jni.cpp, line 710]
Event: 703.444 Thread 0x0000000024c93800 Exception <a 'sun/nio/fs/WindowsException'> (0x00000000f148dee8) thrown at [C:\src\AOSP-openjdk-git\hotspot\src\share\vm\prims\jni.cpp, line 710]
Event: 703.449 Thread 0x0000000024c92800 Exception <a 'sun/nio/fs/WindowsException'> (0x00000000f1d8e1c8) thrown at [C:\src\AOSP-openjdk-git\hotspot\src\share\vm\prims\jni.cpp, line 710]

Events (10 events):
Event: 703.390 Thread 0x000000002570b000 Uncommon trap: trap_request=0xffffff65 fr.pc=0x00000000056c01bc
Event: 703.390 Thread 0x000000002570b000 DEOPT PACKING pc=0x00000000056c01bc sp=0x0000000037dbd970
Event: 703.390 Thread 0x000000002570b000 DEOPT UNPACKING pc=0x000000000294557b sp=0x0000000037dbd918 mode 2
Event: 703.445 Thread 0x0000000024c93800 DEOPT PACKING pc=0x00000000072a6a27 sp=0x000000002701b160
Event: 703.445 Thread 0x0000000024c93800 DEOPT UNPACKING pc=0x00000000029471d0 sp=0x000000002701ae80 mode 0
Event: 703.450 Thread 0x0000000024c93800 DEOPT PACKING pc=0x00000000073cf258 sp=0x000000002701a3d0
Event: 703.450 Thread 0x0000000024c93800 DEOPT UNPACKING pc=0x00000000029471d0 sp=0x000000002701a238 mode 0
Event: 703.453 Executing VM operation: ParallelGCFailedAllocation
Event: 703.453 Executing VM operation: ParallelGCFailedAllocation done
Event: 703.453 Executing VM operation: ParallelGCSystemGC


Dynamic libraries:
0x00007ff7ed240000 - 0x00007ff7ed271000 	C:\Program Files\Android\Android Studio\jre\bin\java.exe
0x00007ffd0b330000 - 0x00007ffd0b526000 	C:\Windows\SYSTEM32\ntdll.dll
0x00007ffd0a4e0000 - 0x00007ffd0a59d000 	C:\Windows\System32\KERNEL32.DLL
0x00007ffd08a70000 - 0x00007ffd08d39000 	C:\Windows\System32\KERNELBASE.dll
0x00007ffd094b0000 - 0x00007ffd0955c000 	C:\Windows\System32\ADVAPI32.dll
0x00007ffd0ae20000 - 0x00007ffd0aebe000 	C:\Windows\System32\msvcrt.dll
0x00007ffd09f30000 - 0x00007ffd09fcc000 	C:\Windows\System32\sechost.dll
0x00007ffd0b110000 - 0x00007ffd0b23b000 	C:\Windows\System32\RPCRT4.dll
0x00007ffd0ac70000 - 0x00007ffd0ae10000 	C:\Windows\System32\USER32.dll
0x00007ffd092e0000 - 0x00007ffd09302000 	C:\Windows\System32\win32u.dll
0x00007ffd0aec0000 - 0x00007ffd0aeea000 	C:\Windows\System32\GDI32.dll
0x00007ffd09100000 - 0x00007ffd09209000 	C:\Windows\System32\gdi32full.dll
0x00007ffd09240000 - 0x00007ffd092dd000 	C:\Windows\System32\msvcp_win.dll
0x00007ffd08ef0000 - 0x00007ffd08ff0000 	C:\Windows\System32\ucrtbase.dll
0x00007ffcebdc0000 - 0x00007ffcec05b000 	C:\Windows\WinSxS\amd64_microsoft.windows.common-controls_6595b64144ccf1df_6.0.19041.488_none_ca04af081b815d21\COMCTL32.dll
0x00007ffd0ab70000 - 0x00007ffd0aba0000 	C:\Windows\System32\IMM32.DLL
0x0000000070ab0000 - 0x0000000070b82000 	C:\Program Files\Android\Android Studio\jre\jre\bin\msvcr100.dll
0x0000000070b90000 - 0x00000000713db000 	C:\Program Files\Android\Android Studio\jre\jre\bin\server\jvm.dll
0x00007ffd094a0000 - 0x00007ffd094a8000 	C:\Windows\System32\PSAPI.DLL
0x00007ffd00e60000 - 0x00007ffd00e87000 	C:\Windows\SYSTEM32\WINMM.dll
0x00007ffd00e90000 - 0x00007ffd00e9a000 	C:\Windows\SYSTEM32\VERSION.dll
0x00007ffcfd490000 - 0x00007ffcfd499000 	C:\Windows\SYSTEM32\WSOCK32.dll
0x00007ffd09ec0000 - 0x00007ffd09f2b000 	C:\Windows\System32\WS2_32.dll
0x00007ffcfb550000 - 0x00007ffcfb55f000 	C:\Program Files\Android\Android Studio\jre\jre\bin\verify.dll
0x00007ffcf5570000 - 0x00007ffcf5599000 	C:\Program Files\Android\Android Studio\jre\jre\bin\java.dll
0x00007ffcf53b0000 - 0x00007ffcf53c6000 	C:\Program Files\Android\Android Studio\jre\jre\bin\zip.dll
0x00007ffd09770000 - 0x00007ffd09eb2000 	C:\Windows\System32\SHELL32.dll
0x00007ffd06be0000 - 0x00007ffd07375000 	C:\Windows\SYSTEM32\windows.storage.dll
0x00007ffd0a810000 - 0x00007ffd0ab66000 	C:\Windows\System32\combase.dll
0x00007ffd084e0000 - 0x00007ffd0850c000 	C:\Windows\SYSTEM32\Wldp.dll
0x00007ffd0b240000 - 0x00007ffd0b2ee000 	C:\Windows\System32\SHCORE.dll
0x00007ffd09560000 - 0x00007ffd095b5000 	C:\Windows\System32\shlwapi.dll
0x00007ffd089a0000 - 0x00007ffd089c6000 	C:\Windows\SYSTEM32\profapi.dll
0x00007ffcf4980000 - 0x00007ffcf499a000 	C:\Program Files\Android\Android Studio\jre\jre\bin\net.dll
0x00007ffd08260000 - 0x00007ffd082ca000 	C:\Windows\system32\mswsock.dll
0x00007ffcf4960000 - 0x00007ffcf4973000 	C:\Program Files\Android\Android Studio\jre\jre\bin\nio.dll
0x00007ffccd9f0000 - 0x00007ffccda17000 	C:\Users\Jose Alejandro\.gradle\native\f6784746aeab05261644944871eae4fe03e0ef1612fff0a4a95f87b438bc6780\windows-amd64\native-platform.dll
0x00007ffcf94f0000 - 0x00007ffcf94fd000 	C:\Program Files\Android\Android Studio\jre\jre\bin\management.dll
0x00007ffd08430000 - 0x00007ffd08448000 	C:\Windows\SYSTEM32\CRYPTSP.dll
0x00007ffd07b80000 - 0x00007ffd07bb4000 	C:\Windows\system32\rsaenh.dll
0x00007ffd09210000 - 0x00007ffd09237000 	C:\Windows\System32\bcrypt.dll
0x00007ffd08960000 - 0x00007ffd0898e000 	C:\Windows\SYSTEM32\USERENV.dll
0x00007ffd09310000 - 0x00007ffd09390000 	C:\Windows\System32\bcryptprimitives.dll
0x00007ffd08450000 - 0x00007ffd0845c000 	C:\Windows\SYSTEM32\CRYPTBASE.dll
0x00007ffd07f00000 - 0x00007ffd07f3b000 	C:\Windows\SYSTEM32\IPHLPAPI.DLL
0x00007ffd0ae10000 - 0x00007ffd0ae18000 	C:\Windows\System32\NSI.dll
0x00007ffd02b80000 - 0x00007ffd02b97000 	C:\Windows\SYSTEM32\dhcpcsvc6.DLL
0x00007ffd02f10000 - 0x00007ffd02f2d000 	C:\Windows\SYSTEM32\dhcpcsvc.DLL
0x00007ffd07f50000 - 0x00007ffd0801b000 	C:\Windows\SYSTEM32\DNSAPI.dll
0x00007ffd03240000 - 0x00007ffd0324b000 	C:\Windows\SYSTEM32\WINNSI.DLL
0x00007ffce6e50000 - 0x00007ffce6e74000 	C:\Program Files\Android\Android Studio\jre\jre\bin\sunec.dll
0x00007ffcee630000 - 0x00007ffcee63a000 	C:\Windows\System32\rasadhlp.dll
0x00007ffcee800000 - 0x00007ffcee87f000 	C:\Windows\System32\fwpuclnt.dll
0x00007ffcf64d0000 - 0x00007ffcf64db000 	C:\Program Files\Android\Android Studio\jre\jre\bin\sunmscapi.dll
0x00007ffd08d90000 - 0x00007ffd08eed000 	C:\Windows\System32\CRYPT32.dll
0x00007ffd077b0000 - 0x00007ffd077e3000 	C:\Windows\SYSTEM32\ntmarta.dll
0x00007ffcf2490000 - 0x00007ffcf262c000 	C:\Program Files\Android\Android Studio\jre\jre\bin\awt.dll
0x00007ffd0aba0000 - 0x00007ffd0ac6d000 	C:\Windows\System32\OLEAUT32.dll
0x00007ffd06800000 - 0x00007ffd0682f000 	C:\Windows\SYSTEM32\dwmapi.dll
0x00007ffd04d00000 - 0x00007ffd052c0000 	C:\Windows\SYSTEM32\d2d1.dll
0x00007ffd06350000 - 0x00007ffd063e0000 	C:\Windows\SYSTEM32\apphelp.dll
0x00007ffd06440000 - 0x00007ffd064de000 	C:\Windows\system32\uxtheme.dll
0x00007ffd05bf0000 - 0x00007ffd05c0e000 	C:\Users\Jose Alejandro\AppData\Local\Temp\native-platform298464874031045613dir\native-platform.dll
0x0000000066e00000 - 0x0000000066f03000 	C:\Users\Jose Alejandro\AppData\Local\Temp\sqlite-3.25.2-2b8555ca-e28f-4c14-a7d3-361f24b19ede-sqlitejdbc.dll
0x00000000383c0000 - 0x00000000384c3000 	C:\Users\Jose Alejandro\AppData\Local\Temp\sqlite-3.25.2-dfb993f8-0c24-4758-a97b-c86658b639cd-sqlitejdbc.dll
0x00007ffcf3450000 - 0x00007ffcf3634000 	C:\Windows\SYSTEM32\dbghelp.dll

VM Arguments:
jvm_args: -Xmx2048m -Dfile.encoding=UTF-8 -Duser.country=ES -Duser.language=es -Duser.variant 
java_command: org.gradle.launcher.daemon.bootstrap.GradleDaemon 6.5
java_class_path (initial): C:\Users\Jose Alejandro\.gradle\wrapper\dists\gradle-6.5-all\2oz4ud9k3tuxjg84bbf55q0tn\gradle-6.5\lib\gradle-launcher-6.5.jar
Launcher Type: SUN_STANDARD

Environment Variables:
PATH=C:\Windows\system32;C:\Windows;C:\Windows\System32\Wbem;C:\Windows\System32\WindowsPowerShell\v1.0\;C:\Windows\System32\OpenSSH\;C:\Program Files\Git\cmd;C:\Users\Jose Alejandro\AppData\Local\Microsoft\WindowsApps;
USERNAME=Jose Alejandro
OS=Windows_NT
PROCESSOR_IDENTIFIER=AMD64 Family 23 Model 8 Stepping 2, AuthenticAMD



---------------  S Y S T E M  ---------------

OS: Windows 10.0 , 64 bit Build 19041 (10.0.19041.662)

CPU:total 12 (initial active 12) (12 cores per cpu, 1 threads per core) family 23 model 8 stepping 2, cmov, cx8, fxsr, mmx, sse, sse2, sse3, ssse3, sse4.1, sse4.2, popcnt, avx, avx2, aes, clmul, mmxext, 3dnowpref, lzcnt, sse4a, tsc, tscinvbit, tscinv, bmi1

Memory: 4k page, physical 16724632k(9664252k free), swap 19739288k(8087176k free)

vm_info: OpenJDK 64-Bit Server VM (25.242-b01) for windows-amd64 JRE (1.8.0_242-release-1644-b01), built by "builder" with MS VC++ 10.0 (VS2010)

time: Sat Dec 05 13:51:18 2020
timezone: Hora estndar romance
elapsed time: 703 seconds (0d 0h 11m 43s)

